KundaliAI/app/build/intermediates/manifest_merge_blame_file/debug/processDebugMainManifest/manifest-merger-blame-debug-report.txt
1<?xml version="1.0" encoding="utf-8"?>
2<manifest xmlns:android="http://schemas.android.com/apk/res/android"
3    package="com.kundaliai.app"
4    android:versionCode="1"
5    android:versionName="1.0.0" >
6
7    <uses-sdk
8        android:minSdkVersion="24"
9        android:targetSdkVersion="34" />
10
11    <!-- Permissions -->
12    <uses-permission android:name="android.permission.INTERNET" />
12-->src/main/AndroidManifest.xml:6:5-67
12-->src/main/AndroidManifest.xml:6:22-64
13    <uses-permission android:name="android.permission.ACCESS_NETWORK_STATE" />
13-->src/main/AndroidManifest.xml:7:5-79
13-->src/main/AndroidManifest.xml:7:22-76
14    <uses-permission android:name="com.android.vending.BILLING" />
14-->src/main/AndroidManifest.xml:8:5-67
14-->src/main/AndroidManifest.xml:8:22-64
15
16    <queries>
16-->[com.android.billingclient:billing:6.2.1] AndroidManifest.xml:12:5-16:15
17        <intent>
17-->[com.android.billingclient:billing:6.2.1] AndroidManifest.xml:13:9-15:18
18            <action android:name="com.android.vending.billing.InAppBillingService.BIND" />
18-->[com.android.billingclient:billing:6.2.1] AndroidManifest.xml:14:13-91
18-->[com.android.billingclient:billing:6.2.1] AndroidManifest.xml:14:21-88
19        </intent>
20        <!-- For browser content -->
21        <intent>
21-->[com.google.android.gms:play-services-ads-lite:23.2.0] AndroidManifest.xml:38:9-44:18
22            <action android:name="android.intent.action.VIEW" />
22-->[com.google.android.gms:play-services-ads-lite:23.2.0] AndroidManifest.xml:39:13-65
22-->[com.google.android.gms:play-services-ads-lite:23.2.0] AndroidManifest.xml:39:21-62
23
24            <category android:name="android.intent.category.BROWSABLE" />
24-->[com.google.android.gms:play-services-ads-lite:23.2.0] AndroidManifest.xml:41:13-74
24-->[com.google.android.gms:play-services-ads-lite:23.2.0] AndroidManifest.xml:41:23-71
25
26            <data android:scheme="https" />
26-->[com.google.android.gms:play-services-ads-lite:23.2.0] AndroidManifest.xml:43:13-44
26-->[com.google.android.gms:play-services-ads-lite:23.2.0] AndroidManifest.xml:43:19-41
27        </intent> <!-- End of browser content -->
28        <!-- For CustomTabsService -->
29        <intent>
29-->[com.google.android.gms:play-services-ads-lite:23.2.0] AndroidManifest.xml:47:9-49:18
30            <action android:name="android.support.customtabs.action.CustomTabsService" />
30-->[com.google.android.gms:play-services-ads-lite:23.2.0] AndroidManifest.xml:48:13-90
30-->[com.google.android.gms:play-services-ads-lite:23.2.0] AndroidManifest.xml:48:21-87
31        </intent>
32    </queries>
33
34    <uses-permission android:name="com.google.android.gms.permission.AD_ID" />
34-->[com.google.android.gms:play-services-ads-lite:23.2.0] AndroidManifest.xml:26:5-79
34-->[com.google.android.gms:play-services-ads-lite:23.2.0] AndroidManifest.xml:26:22-76
35    <uses-permission android:name="android.permission.ACCESS_ADSERVICES_AD_ID" />
35-->[com.google.android.gms:play-services-ads-lite:23.2.0] AndroidManifest.xml:27:5-82
35-->[com.google.android.gms:play-services-ads-lite:23.2.0] AndroidManifest.xml:27:22-79
36    <uses-permission android:name="android.permission.ACCESS_ADSERVICES_ATTRIBUTION" />
36-->[com.google.android.gms:play-services-ads-lite:23.2.0] AndroidManifest.xml:28:5-88
36-->[com.google.android.gms:play-services-ads-lite:23.2.0] AndroidManifest.xml:28:22-85
37    <uses-permission android:name="android.permission.ACCESS_ADSERVICES_TOPICS" />
37-->[com.google.android.gms:play-services-ads-lite:23.2.0] AndroidManifest.xml:29:5-83
37-->[com.google.android.gms:play-services-ads-lite:23.2.0] AndroidManifest.xml:29:22-80
38    <uses-permission android:name="android.permission.WAKE_LOCK" />
38-->[com.google.android.gms:play-services-measurement-sdk-api:20.1.2] AndroidManifest.xml:25:5-68
38-->[com.google.android.gms:play-services-measurement-sdk-api:20.1.2] AndroidManifest.xml:25:22-65
39    <uses-permission android:name="android.permission.FOREGROUND_SERVICE" />
39-->[androidx.work:work-runtime:2.7.0] AndroidManifest.xml:28:5-77
39-->[androidx.work:work-runtime:2.7.0] AndroidManifest.xml:28:22-74
40
41    <permission
41-->[androidx.core:core:1.13.1] AndroidManifest.xml:22:5-24:47
42        android:name="com.kundaliai.app.DYNAMIC_RECEIVER_NOT_EXPORTED_PERMISSION"
42-->[androidx.core:core:1.13.1] AndroidManifest.xml:23:9-81
43        android:protectionLevel="signature" />
43-->[androidx.core:core:1.13.1] AndroidManifest.xml:24:9-44
44
45    <uses-permission android:name="com.kundaliai.app.DYNAMIC_RECEIVER_NOT_EXPORTED_PERMISSION" />
45-->[androidx.core:core:1.13.1] AndroidManifest.xml:26:5-97
45-->[androidx.core:core:1.13.1] AndroidManifest.xml:26:22-94
46
47    <application
47-->src/main/AndroidManifest.xml:10:5-72:19
48        android:allowBackup="false"
48-->src/main/AndroidManifest.xml:11:9-36
49        android:appComponentFactory="androidx.core.app.CoreComponentFactory"
49-->[androidx.core:core:1.13.1] AndroidManifest.xml:28:18-86
50        android:debuggable="true"
51        android:extractNativeLibs="false"
52        android:icon="@drawable/ic_launcher"
52-->src/main/AndroidManifest.xml:12:9-45
53        android:label="@string/app_name"
53-->src/main/AndroidManifest.xml:13:9-41
54        android:roundIcon="@drawable/ic_launcher_round"
54-->src/main/AndroidManifest.xml:14:9-56
55        android:supportsRtl="true"
55-->src/main/AndroidManifest.xml:15:9-35
56        android:theme="@style/Theme.KundaliAI" >
56-->src/main/AndroidManifest.xml:16:9-47
57
58        <!-- Splash -->
59        <activity
59-->src/main/AndroidManifest.xml:20:9-31:20
60            android:name="com.kundaliai.app.ui.splash.SplashActivity"
60-->src/main/AndroidManifest.xml:21:13-53
61            android:exported="true"
61-->src/main/AndroidManifest.xml:22:13-36
62            android:screenOrientation="portrait"
62-->src/main/AndroidManifest.xml:24:13-49
63            android:theme="@style/Theme.KundaliAI.Splash" >
63-->src/main/AndroidManifest.xml:23:13-58
64            <intent-filter>
64-->src/main/AndroidManifest.xml:26:13-29:29
65                <action android:name="android.intent.action.MAIN" />
65-->src/main/AndroidManifest.xml:27:17-69
65-->src/main/AndroidManifest.xml:27:25-66
66
67                <category android:name="android.intent.category.LAUNCHER" />
67-->src/main/AndroidManifest.xml:28:17-77
67-->src/main/AndroidManifest.xml:28:27-74
68            </intent-filter>
69        </activity>
70
71        <!-- Home -->
72        <activity
72-->src/main/AndroidManifest.xml:34:9-38:58
73            android:name="com.kundaliai.app.ui.home.HomeActivity"
73-->src/main/AndroidManifest.xml:35:13-49
74            android:exported="false"
74-->src/main/AndroidManifest.xml:36:13-37
75            android:screenOrientation="portrait"
75-->src/main/AndroidManifest.xml:37:13-49
76            android:windowSoftInputMode="adjustResize" />
76-->src/main/AndroidManifest.xml:38:13-55
77
78        <!-- Form -->
79        <activity
79-->src/main/AndroidManifest.xml:41:9-45:58
80            android:name="com.kundaliai.app.ui.form.KundaliFormActivity"
80-->src/main/AndroidManifest.xml:42:13-56
81            android:exported="false"
81-->src/main/AndroidManifest.xml:43:13-37
82            android:screenOrientation="portrait"
82-->src/main/AndroidManifest.xml:44:13-49
83            android:windowSoftInputMode="adjustResize" />
83-->src/main/AndroidManifest.xml:45:13-55
84
85        <!-- Result -->
86        <activity
86-->src/main/AndroidManifest.xml:48:9-51:52
87            android:name="com.kundaliai.app.ui.result.ResultActivity"
87-->src/main/AndroidManifest.xml:49:13-53
88            android:exported="false"
88-->src/main/AndroidManifest.xml:50:13-37
89            android:screenOrientation="portrait" />
89-->src/main/AndroidManifest.xml:51:13-49
90
91        <!-- WebView -->
92        <activity
92-->src/main/AndroidManifest.xml:54:9-57:52
93            android:name="com.kundaliai.app.ui.webview.WebViewActivity"
93-->src/main/AndroidManifest.xml:55:13-55
94            android:exported="false"
94-->src/main/AndroidManifest.xml:56:13-37
95            android:screenOrientation="portrait" />
95-->src/main/AndroidManifest.xml:57:13-49
96
97        <!-- FileProvider for PDF -->
98        <provider
99            android:name="androidx.core.content.FileProvider"
99-->src/main/AndroidManifest.xml:61:13-62
100            android:authorities="com.kundaliai.app.provider"
100-->src/main/AndroidManifest.xml:62:13-60
101            android:exported="false"
101-->src/main/AndroidManifest.xml:63:13-37
102            android:grantUriPermissions="true" >
102-->src/main/AndroidManifest.xml:64:13-47
103            <meta-data
103-->src/main/AndroidManifest.xml:66:13-68:54
104                android:name="android.support.FILE_PROVIDER_PATHS"
104-->src/main/AndroidManifest.xml:67:17-67
105                android:resource="@xml/file_paths" />
105-->src/main/AndroidManifest.xml:68:17-51
106        </provider>
107
108        <meta-data
108-->[com.android.billingclient:billing:6.2.1] AndroidManifest.xml:19:9-21:37
109            android:name="com.google.android.play.billingclient.version"
109-->[com.android.billingclient:billing:6.2.1] AndroidManifest.xml:20:13-73
110            android:value="6.2.1" />
110-->[com.android.billingclient:billing:6.2.1] AndroidManifest.xml:21:13-34
111
112        <activity
112-->[com.android.billingclient:billing:6.2.1] AndroidManifest.xml:23:9-27:75
113            android:name="com.android.billingclient.api.ProxyBillingActivity"
113-->[com.android.billingclient:billing:6.2.1] AndroidManifest.xml:24:13-78
114            android:configChanges="keyboard|keyboardHidden|screenLayout|screenSize|orientation"
114-->[com.android.billingclient:billing:6.2.1] AndroidManifest.xml:25:13-96
115            android:exported="false"
115-->[com.android.billingclient:billing:6.2.1] AndroidManifest.xml:26:13-37
116            android:theme="@android:style/Theme.Translucent.NoTitleBar" />
116-->[com.android.billingclient:billing:6.2.1] AndroidManifest.xml:27:13-72
117        <activity
117-->[com.android.billingclient:billing:6.2.1] AndroidManifest.xml:28:9-32:75
118            android:name="com.android.billingclient.api.ProxyBillingActivityV2"
118-->[com.android.billingclient:billing:6.2.1] AndroidManifest.xml:29:13-80
119            android:configChanges="keyboard|keyboardHidden|screenLayout|screenSize|orientation"
119-->[com.android.billingclient:billing:6.2.1] AndroidManifest.xml:30:13-96
120            android:exported="false"
120-->[com.android.billingclient:billing:6.2.1] AndroidManifest.xml:31:13-37
121            android:theme="@android:style/Theme.Translucent.NoTitleBar" /> <!-- Include the AdActivity and InAppPurchaseActivity configChanges and themes. -->
121-->[com.android.billingclient:billing:6.2.1] AndroidManifest.xml:32:13-72
122        <activity
122-->[com.google.android.gms:play-services-ads-lite:23.2.0] AndroidManifest.xml:56:9-61:43
123            android:name="com.google.android.gms.ads.AdActivity"
123-->[com.google.android.gms:play-services-ads-lite:23.2.0] AndroidManifest.xml:57:13-65
124            android:configChanges="keyboard|keyboardHidden|orientation|screenLayout|uiMode|screenSize|smallestScreenSize"
124-->[com.google.android.gms:play-services-ads-lite:23.2.0] AndroidManifest.xml:58:13-122
125            android:exported="false"
125-->[com.google.android.gms:play-services-ads-lite:23.2.0] AndroidManifest.xml:59:13-37
126            android:theme="@android:style/Theme.Translucent" />
126-->[com.google.android.gms:play-services-ads-lite:23.2.0] AndroidManifest.xml:60:13-61
127
128        <provider
128-->[com.google.android.gms:play-services-ads-lite:23.2.0] AndroidManifest.xml:63:9-68:43
129            android:name="com.google.android.gms.ads.MobileAdsInitProvider"
129-->[com.google.android.gms:play-services-ads-lite:23.2.0] AndroidManifest.xml:64:13-76
130            android:authorities="com.kundaliai.app.mobileadsinitprovider"
130-->[com.google.android.gms:play-services-ads-lite:23.2.0] AndroidManifest.xml:65:13-73
131            android:exported="false"
131-->[com.google.android.gms:play-services-ads-lite:23.2.0] AndroidManifest.xml:66:13-37
132            android:initOrder="100" />
132-->[com.google.android.gms:play-services-ads-lite:23.2.0] AndroidManifest.xml:67:13-36
133
134        <service
134-->[com.google.android.gms:play-services-ads-lite:23.2.0] AndroidManifest.xml:70:9-74:43
135            android:name="com.google.android.gms.ads.AdService"
135-->[com.google.android.gms:play-services-ads-lite:23.2.0] AndroidManifest.xml:71:13-64
136            android:enabled="true"
136-->[com.google.android.gms:play-services-ads-lite:23.2.0] AndroidManifest.xml:72:13-35
137            android:exported="false" />
137-->[com.google.android.gms:play-services-ads-lite:23.2.0] AndroidManifest.xml:73:13-37
138
139        <activity
139-->[com.google.android.gms:play-services-ads-lite:23.2.0] AndroidManifest.xml:76:9-80:43
140            android:name="com.google.android.gms.ads.OutOfContextTestingActivity"
140-->[com.google.android.gms:play-services-ads-lite:23.2.0] AndroidManifest.xml:77:13-82
141            android:configChanges="keyboard|keyboardHidden|orientation|screenLayout|uiMode|screenSize|smallestScreenSize"
141-->[com.google.android.gms:play-services-ads-lite:23.2.0] AndroidManifest.xml:78:13-122
142            android:exported="false" />
142-->[com.google.android.gms:play-services-ads-lite:23.2.0] AndroidManifest.xml:79:13-37
143        <activity
143-->[com.google.android.gms:play-services-ads-lite:23.2.0] AndroidManifest.xml:81:9-88:43
144            android:name="com.google.android.gms.ads.NotificationHandlerActivity"
144-->[com.google.android.gms:play-services-ads-lite:23.2.0] AndroidManifest.xml:82:13-82
145            android:excludeFromRecents="true"
145-->[com.google.android.gms:play-services-ads-lite:23.2.0] AndroidManifest.xml:83:13-46
146            android:exported="false"
146-->[com.google.android.gms:play-services-ads-lite:23.2.0] AndroidManifest.xml:84:13-37
147            android:launchMode="singleTask"
147-->[com.google.android.gms:play-services-ads-lite:23.2.0] AndroidManifest.xml:85:13-44
148            android:taskAffinity=""
148-->[com.google.android.gms:play-services-ads-lite:23.2.0] AndroidManifest.xml:86:13-36
149            android:theme="@android:style/Theme.Translucent.NoTitleBar" />
149-->[com.google.android.gms:play-services-ads-lite:23.2.0] AndroidManifest.xml:87:13-72
150
151        <property
151-->[com.google.android.gms:play-services-ads-lite:23.2.0] AndroidManifest.xml:90:9-92:62
152            android:name="android.adservices.AD_SERVICES_CONFIG"
152-->[com.google.android.gms:play-services-ads-lite:23.2.0] AndroidManifest.xml:91:13-65
153            android:resource="@xml/gma_ad_services_config" />
153-->[com.google.android.gms:play-services-ads-lite:23.2.0] AndroidManifest.xml:92:13-59
154
155        <activity
155-->[com.google.android.gms:play-services-base:18.3.0] AndroidManifest.xml:20:9-22:45
156            android:name="com.google.android.gms.common.api.GoogleApiActivity"
156-->[com.google.android.gms:play-services-base:18.3.0] AndroidManifest.xml:20:19-85
157            android:exported="false"
157-->[com.google.android.gms:play-services-base:18.3.0] AndroidManifest.xml:22:19-43
158            android:theme="@android:style/Theme.Translucent.NoTitleBar" />
158-->[com.google.android.gms:play-services-base:18.3.0] AndroidManifest.xml:21:19-78
159
160        <meta-data
160-->[com.google.android.gms:play-services-basement:18.3.0] AndroidManifest.xml:21:9-23:69
161            android:name="com.google.android.gms.version"
161-->[com.google.android.gms:play-services-basement:18.3.0] AndroidManifest.xml:22:13-58
162            android:value="@integer/google_play_services_version" />
162-->[com.google.android.gms:play-services-basement:18.3.0] AndroidManifest.xml:23:13-66
163
164        <provider
164-->[androidx.emoji2:emoji2:1.3.0] AndroidManifest.xml:24:9-32:20
165            android:name="androidx.startup.InitializationProvider"
165-->[androidx.emoji2:emoji2:1.3.0] AndroidManifest.xml:25:13-67
166            android:authorities="com.kundaliai.app.androidx-startup"
166-->[androidx.emoji2:emoji2:1.3.0] AndroidManifest.xml:26:13-68
167            android:exported="false" >
167-->[androidx.emoji2:emoji2:1.3.0] AndroidManifest.xml:27:13-37
168            <meta-data
168-->[androidx.emoji2:emoji2:1.3.0] AndroidManifest.xml:29:13-31:52
169                android:name="androidx.emoji2.text.EmojiCompatInitializer"
169-->[androidx.emoji2:emoji2:1.3.0] AndroidManifest.xml:30:17-75
170                android:value="androidx.startup" />
170-->[androidx.emoji2:emoji2:1.3.0] AndroidManifest.xml:31:17-49
171            <meta-data
171-->[androidx.work:work-runtime:2.7.0] AndroidManifest.xml:36:13-38:52
172                android:name="androidx.work.WorkManagerInitializer"
172-->[androidx.work:work-runtime:2.7.0] AndroidManifest.xml:37:17-68
173                android:value="androidx.startup" />
173-->[androidx.work:work-runtime:2.7.0] AndroidManifest.xml:38:17-49
174            <meta-data
174-->[androidx.lifecycle:lifecycle-process:2.8.3] AndroidManifest.xml:29:13-31:52
175                android:name="androidx.lifecycle.ProcessLifecycleInitializer"
175-->[androidx.lifecycle:lifecycle-process:2.8.3] AndroidManifest.xml:30:17-78
176                android:value="androidx.startup" />
176-->[androidx.lifecycle:lifecycle-process:2.8.3] AndroidManifest.xml:31:17-49
177            <meta-data
177-->[androidx.profileinstaller:profileinstaller:1.3.1] AndroidManifest.xml:29:13-31:52
178                android:name="androidx.profileinstaller.ProfileInstallerInitializer"
178-->[androidx.profileinstaller:profileinstaller:1.3.1] AndroidManifest.xml:30:17-85
179                android:value="androidx.startup" />
179-->[androidx.profileinstaller:profileinstaller:1.3.1] AndroidManifest.xml:31:17-49
180        </provider>
181
182        <service
182-->[androidx.work:work-runtime:2.7.0] AndroidManifest.xml:41:9-46:35
183            android:name="androidx.work.impl.background.systemalarm.SystemAlarmService"
183-->[androidx.work:work-runtime:2.7.0] AndroidManifest.xml:42:13-88
184            android:directBootAware="false"
184-->[androidx.work:work-runtime:2.7.0] AndroidManifest.xml:43:13-44
185            android:enabled="@bool/enable_system_alarm_service_default"
185-->[androidx.work:work-runtime:2.7.0] AndroidManifest.xml:44:13-72
186            android:exported="false" />
186-->[androidx.work:work-runtime:2.7.0] AndroidManifest.xml:45:13-37
187        <service
187-->[androidx.work:work-runtime:2.7.0] AndroidManifest.xml:47:9-53:35
188            android:name="androidx.work.impl.background.systemjob.SystemJobService"
188-->[androidx.work:work-runtime:2.7.0] AndroidManifest.xml:48:13-84
189            android:directBootAware="false"
189-->[androidx.work:work-runtime:2.7.0] AndroidManifest.xml:49:13-44
190            android:enabled="@bool/enable_system_job_service_default"
190-->[androidx.work:work-runtime:2.7.0] AndroidManifest.xml:50:13-70
191            android:exported="true"
191-->[androidx.work:work-runtime:2.7.0] AndroidManifest.xml:51:13-36
192            android:permission="android.permission.BIND_JOB_SERVICE" />
192-->[androidx.work:work-runtime:2.7.0] AndroidManifest.xml:52:13-69
193        <service
193-->[androidx.work:work-runtime:2.7.0] AndroidManifest.xml:54:9-59:35
194            android:name="androidx.work.impl.foreground.SystemForegroundService"
194-->[androidx.work:work-runtime:2.7.0] AndroidManifest.xml:55:13-81
195            android:directBootAware="false"
195-->[androidx.work:work-runtime:2.7.0] AndroidManifest.xml:56:13-44
196            android:enabled="@bool/enable_system_foreground_service_default"
196-->[androidx.work:work-runtime:2.7.0] AndroidManifest.xml:57:13-77
197            android:exported="false" />
197-->[androidx.work:work-runtime:2.7.0] AndroidManifest.xml:58:13-37
198
199        <receiver
199-->[androidx.work:work-runtime:2.7.0] AndroidManifest.xml:61:9-66:35
200            android:name="androidx.work.impl.utils.ForceStopRunnable$BroadcastReceiver"
200-->[androidx.work:work-runtime:2.7.0] AndroidManifest.xml:62:13-88
201            android:directBootAware="false"
201-->[androidx.work:work-runtime:2.7.0] AndroidManifest.xml:63:13-44
202            android:enabled="true"
202-->[androidx.work:work-runtime:2.7.0] AndroidManifest.xml:64:13-35
203            android:exported="false" />
203-->[androidx.work:work-runtime:2.7.0] AndroidManifest.xml:65:13-37
204        <receiver
204-->[androidx.work:work-runtime:2.7.0] AndroidManifest.xml:67:9-77:20
205            android:name="androidx.work.impl.background.systemalarm.ConstraintProxy$BatteryChargingProxy"
205-->[androidx.work:work-runtime:2.7.0] AndroidManifest.xml:68:13-106
206            android:directBootAware="false"
206-->[androidx.work:work-runtime:2.7.0] AndroidManifest.xml:69:13-44
207            android:enabled="false"
207-->[androidx.work:work-runtime:2.7.0] AndroidManifest.xml:70:13-36
208            android:exported="false" >
208-->[androidx.work:work-runtime:2.7.0] AndroidManifest.xml:71:13-37
209            <intent-filter>
209-->[androidx.work:work-runtime:2.7.0] AndroidManifest.xml:73:13-76:29
210                <action android:name="android.intent.action.ACTION_POWER_CONNECTED" />
210-->[androidx.work:work-runtime:2.7.0] AndroidManifest.xml:74:17-87
210-->[androidx.work:work-runtime:2.7.0] AndroidManifest.xml:74:25-84
211                <action android:name="android.intent.action.ACTION_POWER_DISCONNECTED" />
211-->[androidx.work:work-runtime:2.7.0] AndroidManifest.xml:75:17-90
211-->[androidx.work:work-runtime:2.7.0] AndroidManifest.xml:75:25-87
212            </intent-filter>
213        </receiver>
214        <receiver
214-->[androidx.work:work-runtime:2.7.0] AndroidManifest.xml:78:9-88:20
215            android:name="androidx.work.impl.background.systemalarm.ConstraintProxy$BatteryNotLowProxy"
215-->[androidx.work:work-runtime:2.7.0] AndroidManifest.xml:79:13-104
216            android:directBootAware="false"
216-->[androidx.work:work-runtime:2.7.0] AndroidManifest.xml:80:13-44
217            android:enabled="false"
217-->[androidx.work:work-runtime:2.7.0] AndroidManifest.xml:81:13-36
218            android:exported="false" >
218-->[androidx.work:work-runtime:2.7.0] AndroidManifest.xml:82:13-37
219            <intent-filter>
219-->[androidx.work:work-runtime:2.7.0] AndroidManifest.xml:84:13-87:29
220                <action android:name="android.intent.action.BATTERY_OKAY" />
220-->[androidx.work:work-runtime:2.7.0] AndroidManifest.xml:85:17-77
220-->[androidx.work:work-runtime:2.7.0] AndroidManifest.xml:85:25-74
221                <action android:name="android.intent.action.BATTERY_LOW" />
221-->[androidx.work:work-runtime:2.7.0] AndroidManifest.xml:86:17-76
221-->[androidx.work:work-runtime:2.7.0] AndroidManifest.xml:86:25-73
222            </intent-filter>
223        </receiver>
224        <receiver
224-->[androidx.work:work-runtime:2.7.0] AndroidManifest.xml:89:9-99:20
225            android:name="androidx.work.impl.background.systemalarm.ConstraintProxy$StorageNotLowProxy"
225-->[androidx.work:work-runtime:2.7.0] AndroidManifest.xml:90:13-104
226            android:directBootAware="false"
226-->[androidx.work:work-runtime:2.7.0] AndroidManifest.xml:91:13-44
227            android:enabled="false"
227-->[androidx.work:work-runtime:2.7.0] AndroidManifest.xml:92:13-36
228            android:exported="false" >
228-->[androidx.work:work-runtime:2.7.0] AndroidManifest.xml:93:13-37
229            <intent-filter>
229-->[androidx.work:work-runtime:2.7.0] AndroidManifest.xml:95:13-98:29
230                <action android:name="android.intent.action.DEVICE_STORAGE_LOW" />
230-->[androidx.work:work-runtime:2.7.0] AndroidManifest.xml:96:17-83
230-->[androidx.work:work-runtime:2.7.0] AndroidManifest.xml:96:25-80
231                <action android:name="android.intent.action.DEVICE_STORAGE_OK" />
231-->[androidx.work:work-runtime:2.7.0] AndroidManifest.xml:97:17-82
231-->[androidx.work:work-runtime:2.7.0] AndroidManifest.xml:97:25-79
232            </intent-filter>
233        </receiver>
234        <receiver
234-->[androidx.work:work-runtime:2.7.0] AndroidManifest.xml:100:9-109:20
235            android:name="androidx.work.impl.background.systemalarm.ConstraintProxy$NetworkStateProxy"
235-->[androidx.work:work-runtime:2.7.0] AndroidManifest.xml:101:13-103
236            android:directBootAware="false"
236-->[androidx.work:work-runtime:2.7.0] AndroidManifest.xml:102:13-44
237            android:enabled="false"
237-->[androidx.work:work-runtime:2.7.0] AndroidManifest.xml:103:13-36
238            android:exported="false" >
238-->[androidx.work:work-runtime:2.7.0] AndroidManifest.xml:104:13-37
239            <intent-filter>
239-->[androidx.work:work-runtime:2.7.0] AndroidManifest.xml:106:13-108:29
240                <action android:name="android.net.conn.CONNECTIVITY_CHANGE" />
240-->[androidx.work:work-runtime:2.7.0] AndroidManifest.xml:107:17-79
240-->[androidx.work:work-runtime:2.7.0] AndroidManifest.xml:107:25-76
241            </intent-filter>
242        </receiver>
243        <receiver
243-->[androidx.work:work-runtime:2.7.0] AndroidManifest.xml:110:9-121:20
244            android:name="androidx.work.impl.background.systemalarm.RescheduleReceiver"
244-->[androidx.work:work-runtime:2.7.0] AndroidManifest.xml:111:13-88
245            android:directBootAware="false"
245-->[androidx.work:work-runtime:2.7.0] AndroidManifest.xml:112:13-44
246            android:enabled="false"
246-->[androidx.work:work-runtime:2.7.0] AndroidManifest.xml:113:13-36
247            android:exported="false" >
247-->[androidx.work:work-runtime:2.7.0] AndroidManifest.xml:114:13-37
248            <intent-filter>
248-->[androidx.work:work-runtime:2.7.0] AndroidManifest.xml:116:13-120:29
249                <action android:name="android.intent.action.BOOT_COMPLETED" />
249-->[androidx.work:work-runtime:2.7.0] AndroidManifest.xml:117:17-79
249-->[androidx.work:work-runtime:2.7.0] AndroidManifest.xml:117:25-76
250                <action android:name="android.intent.action.TIME_SET" />
250-->[androidx.work:work-runtime:2.7.0] AndroidManifest.xml:118:17-73
250-->[androidx.work:work-runtime:2.7.0] AndroidManifest.xml:118:25-70
251                <action android:name="android.intent.action.TIMEZONE_CHANGED" />
251-->[androidx.work:work-runtime:2.7.0] AndroidManifest.xml:119:17-81
251-->[androidx.work:work-runtime:2.7.0] AndroidManifest.xml:119:25-78
252            </intent-filter>
253        </receiver>
254        <receiver
254-->[androidx.work:work-runtime:2.7.0] AndroidManifest.xml:122:9-131:20
255            android:name="androidx.work.impl.background.systemalarm.ConstraintProxyUpdateReceiver"
255-->[androidx.work:work-runtime:2.7.0] AndroidManifest.xml:123:13-99
256            android:directBootAware="false"
256-->[androidx.work:work-runtime:2.7.0] AndroidManifest.xml:124:13-44
257            android:enabled="@bool/enable_system_alarm_service_default"
257-->[androidx.work:work-runtime:2.7.0] AndroidManifest.xml:125:13-72
258            android:exported="false" >
258-->[androidx.work:work-runtime:2.7.0] AndroidManifest.xml:126:13-37
259            <intent-filter>
259-->[androidx.work:work-runtime:2.7.0] AndroidManifest.xml:128:13-130:29
260                <action android:name="androidx.work.impl.background.systemalarm.UpdateProxies" />
260-->[androidx.work:work-runtime:2.7.0] AndroidManifest.xml:129:17-98
260-->[androidx.work:work-runtime:2.7.0] AndroidManifest.xml:129:25-95
261            </intent-filter>
262        </receiver>
263        <receiver
263-->[androidx.work:work-runtime:2.7.0] AndroidManifest.xml:132:9-142:20
264            android:name="androidx.work.impl.diagnostics.DiagnosticsReceiver"
264-->[androidx.work:work-runtime:2.7.0] AndroidManifest.xml:133:13-78
265            android:directBootAware="false"
265-->[androidx.work:work-runtime:2.7.0] AndroidManifest.xml:134:13-44
266            android:enabled="true"
266-->[androidx.work:work-runtime:2.7.0] AndroidManifest.xml:135:13-35
267            android:exported="true"
267-->[androidx.work:work-runtime:2.7.0] AndroidManifest.xml:136:13-36
268            android:permission="android.permission.DUMP" >
268-->[androidx.work:work-runtime:2.7.0] AndroidManifest.xml:137:13-57
269            <intent-filter>
269-->[androidx.work:work-runtime:2.7.0] AndroidManifest.xml:139:13-141:29
270                <action android:name="androidx.work.diagnostics.REQUEST_DIAGNOSTICS" />
270-->[androidx.work:work-runtime:2.7.0] AndroidManifest.xml:140:17-88
270-->[androidx.work:work-runtime:2.7.0] AndroidManifest.xml:140:25-85
271            </intent-filter>
272        </receiver>
273
274        <uses-library
274-->[androidx.privacysandbox.ads:ads-adservices:1.0.0-beta05] AndroidManifest.xml:23:9-25:40
275            android:name="android.ext.adservices"
275-->[androidx.privacysandbox.ads:ads-adservices:1.0.0-beta05] AndroidManifest.xml:24:13-50
276            android:required="false" />
276-->[androidx.privacysandbox.ads:ads-adservices:1.0.0-beta05] AndroidManifest.xml:25:13-37
277
278        <receiver
278-->[androidx.profileinstaller:profileinstaller:1.3.1] AndroidManifest.xml:34:9-52:20
279            android:name="androidx.profileinstaller.ProfileInstallReceiver"
279-->[androidx.profileinstaller:profileinstaller:1.3.1] AndroidManifest.xml:35:13-76
280            android:directBootAware="false"
280-->[androidx.profileinstaller:profileinstaller:1.3.1] AndroidManifest.xml:36:13-44
281            android:enabled="true"
281-->[androidx.profileinstaller:profileinstaller:1.3.1] AndroidManifest.xml:37:13-35
282            android:exported="true"
282-->[androidx.profileinstaller:profileinstaller:1.3.1] AndroidManifest.xml:38:13-36